::1 - - [13/Nov/2019:09:16:14 +0000] "GET / HTTP/1.1" 304 - "-" "Mozilla/5.0 (Windows NT 6.1; WOW64) AppleWebKit/537.36 (KHTML, like Gecko) Chrome/60.0.3112.113 UBrowser/7.0.69.1021 Safari/537.36"
::1 - - [13/Nov/2019:09:16:14 +0000] "GET /css/main.css HTTP/1.1" 304 - "http://localhost:3000/" "Mozilla/5.0 (Windows NT 6.1; WOW64) AppleWebKit/537.36 (KHTML, like Gecko) Chrome/60.0.3112.113 UBrowser/7.0.69.1021 Safari/537.36"
::1 - - [13/Nov/2019:09:16:14 +0000] "GET /css/product.css HTTP/1.1" 304 - "http://localhost:3000/" "Mozilla/5.0 (Windows NT 6.1; WOW64) AppleWebKit/537.36 (KHTML, like Gecko) Chrome/60.0.3112.113 UBrowser/7.0.69.1021 Safari/537.36"
::1 - - [13/Nov/2019:09:16:14 +0000] "GET /images/image-1570173121056 HTTP/1.1" 304 - "http://localhost:3000/" "Mozilla/5.0 (Windows NT 6.1; WOW64) AppleWebKit/537.36 (KHTML, like Gecko) Chrome/60.0.3112.113 UBrowser/7.0.69.1021 Safari/537.36"
::1 - - [13/Nov/2019:09:16:14 +0000] "GET /js/main.js HTTP/1.1" 304 - "http://localhost:3000/" "Mozilla/5.0 (Windows NT 6.1; WOW64) AppleWebKit/537.36 (KHTML, like Gecko) Chrome/60.0.3112.113 UBrowser/7.0.69.1021 Safari/537.36"
::1 - - [13/Nov/2019:09:17:17 +0000] "GET /images/image-1570395496426 HTTP/1.1" 500 - "http://localhost:3000/" "Mozilla/5.0 (Windows NT 6.1; WOW64) AppleWebKit/537.36 (KHTML, like Gecko) Chrome/60.0.3112.113 UBrowser/7.0.69.1021 Safari/537.36"
::1 - - [13/Nov/2019:09:19:51 +0000] "GET /login HTTP/1.1" - - "http://localhost:3000/" "Mozilla/5.0 (Windows NT 6.1; WOW64) AppleWebKit/537.36 (KHTML, like Gecko) Chrome/60.0.3112.113 UBrowser/7.0.69.1021 Safari/537.36"
::1 - - [13/Nov/2019:09:45:51 +0000] "GET /login HTTP/1.1" 200 - "http://localhost:3000/" "Mozilla/5.0 (Windows NT 6.1; WOW64) AppleWebKit/537.36 (KHTML, like Gecko) Chrome/60.0.3112.113 UBrowser/7.0.69.1021 Safari/537.36"
::1 - - [13/Nov/2019:09:45:52 +0000] "GET /css/main.css HTTP/1.1" 304 - "http://localhost:3000/login" "Mozilla/5.0 (Windows NT 6.1; WOW64) AppleWebKit/537.36 (KHTML, like Gecko) Chrome/60.0.3112.113 UBrowser/7.0.69.1021 Safari/537.36"
::1 - - [13/Nov/2019:09:45:52 +0000] "GET /css/forms.css HTTP/1.1" 304 - "http://localhost:3000/login" "Mozilla/5.0 (Windows NT 6.1; WOW64) AppleWebKit/537.36 (KHTML, like Gecko) Chrome/60.0.3112.113 UBrowser/7.0.69.1021 Safari/537.36"
::1 - - [13/Nov/2019:09:45:52 +0000] "GET /css/auth.css HTTP/1.1" 304 - "http://localhost:3000/login" "Mozilla/5.0 (Windows NT 6.1; WOW64) AppleWebKit/537.36 (KHTML, like Gecko) Chrome/60.0.3112.113 UBrowser/7.0.69.1021 Safari/537.36"
::1 - - [13/Nov/2019:09:45:52 +0000] "GET /js/main.js HTTP/1.1" 304 - "http://localhost:3000/login" "Mozilla/5.0 (Windows NT 6.1; WOW64) AppleWebKit/537.36 (KHTML, like Gecko) Chrome/60.0.3112.113 UBrowser/7.0.69.1021 Safari/537.36"
::ffff:127.0.0.1 - - [14/Nov/2019:08:25:37 +0000] "GET / HTTP/1.1" 200 - "-" "Mozilla/5.0 (Windows NT 10.0; WOW64) AppleWebKit/537.36 (KHTML, like Gecko) Chrome/55.0.2883.87 UBrowser/7.0.185.1002 Safari/537.36"
::ffff:127.0.0.1 - - [14/Nov/2019:08:25:37 +0000] "GET /css/product.css HTTP/1.1" 200 379 "http://localhost:3000/" "Mozilla/5.0 (Windows NT 10.0; WOW64) AppleWebKit/537.36 (KHTML, like Gecko) Chrome/55.0.2883.87 UBrowser/7.0.185.1002 Safari/537.36"
::ffff:127.0.0.1 - - [14/Nov/2019:08:25:37 +0000] "GET /css/main.css HTTP/1.1" 200 - "http://localhost:3000/" "Mozilla/5.0 (Windows NT 10.0; WOW64) AppleWebKit/537.36 (KHTML, like Gecko) Chrome/55.0.2883.87 UBrowser/7.0.185.1002 Safari/537.36"
::ffff:127.0.0.1 - - [14/Nov/2019:08:25:37 +0000] "GET /js/main.js HTTP/1.1" 200 519 "http://localhost:3000/" "Mozilla/5.0 (Windows NT 10.0; WOW64) AppleWebKit/537.36 (KHTML, like Gecko) Chrome/55.0.2883.87 UBrowser/7.0.185.1002 Safari/537.36"
::ffff:127.0.0.1 - - [14/Nov/2019:08:25:37 +0000] "GET /images/image-1570173121056 HTTP/1.1" 200 92388 "http://localhost:3000/" "Mozilla/5.0 (Windows NT 10.0; WOW64) AppleWebKit/537.36 (KHTML, like Gecko) Chrome/55.0.2883.87 UBrowser/7.0.185.1002 Safari/537.36"
::ffff:127.0.0.1 - - [14/Nov/2019:08:25:37 +0000] "GET /images/image-1570395496426 HTTP/1.1" 404 - "http://localhost:3000/" "Mozilla/5.0 (Windows NT 10.0; WOW64) AppleWebKit/537.36 (KHTML, like Gecko) Chrome/55.0.2883.87 UBrowser/7.0.185.1002 Safari/537.36"
::ffff:127.0.0.1 - - [14/Nov/2019:08:25:40 +0000] "GET /favicon.ico HTTP/1.1" 404 - "http://localhost:3000/" "Mozilla/5.0 (Windows NT 10.0; WOW64) AppleWebKit/537.36 (KHTML, like Gecko) Chrome/55.0.2883.87 UBrowser/7.0.185.1002 Safari/537.36"
::1 - - [14/Nov/2019:08:27:18 +0000] "GET / HTTP/1.1" 304 - "-" "Mozilla/5.0 (Windows NT 10.0; WOW64) AppleWebKit/537.36 (KHTML, like Gecko) Chrome/55.0.2883.87 UBrowser/7.0.185.1002 Safari/537.36"
::1 - - [14/Nov/2019:08:27:18 +0000] "GET /css/main.css HTTP/1.1" 304 - "http://localhost:3000/" "Mozilla/5.0 (Windows NT 10.0; WOW64) AppleWebKit/537.36 (KHTML, like Gecko) Chrome/55.0.2883.87 UBrowser/7.0.185.1002 Safari/537.36"
::1 - - [14/Nov/2019:08:27:18 +0000] "GET /css/product.css HTTP/1.1" 304 - "http://localhost:3000/" "Mozilla/5.0 (Windows NT 10.0; WOW64) AppleWebKit/537.36 (KHTML, like Gecko) Chrome/55.0.2883.87 UBrowser/7.0.185.1002 Safari/537.36"
::1 - - [14/Nov/2019:08:27:18 +0000] "GET /js/main.js HTTP/1.1" 304 - "http://localhost:3000/" "Mozilla/5.0 (Windows NT 10.0; WOW64) AppleWebKit/537.36 (KHTML, like Gecko) Chrome/55.0.2883.87 UBrowser/7.0.185.1002 Safari/537.36"
::1 - - [14/Nov/2019:08:27:18 +0000] "GET /images/image-1570173121056 HTTP/1.1" 304 - "http://localhost:3000/" "Mozilla/5.0 (Windows NT 10.0; WOW64) AppleWebKit/537.36 (KHTML, like Gecko) Chrome/55.0.2883.87 UBrowser/7.0.185.1002 Safari/537.36"
::1 - - [14/Nov/2019:08:27:18 +0000] "GET /images/image-1570395496426 HTTP/1.1" 404 - "http://localhost:3000/" "Mozilla/5.0 (Windows NT 10.0; WOW64) AppleWebKit/537.36 (KHTML, like Gecko) Chrome/55.0.2883.87 UBrowser/7.0.185.1002 Safari/537.36"
::1 - - [14/Nov/2019:08:27:52 +0000] "GET / HTTP/1.1" 200 - "-" "Mozilla/5.0 (Windows NT 10.0; WOW64) AppleWebKit/537.36 (KHTML, like Gecko) Chrome/55.0.2883.87 UBrowser/7.0.185.1002 Safari/537.36"
::1 - - [14/Nov/2019:08:27:52 +0000] "GET /css/main.css HTTP/1.1" 200 - "https://localhost:3000/" "Mozilla/5.0 (Windows NT 10.0; WOW64) AppleWebKit/537.36 (KHTML, like Gecko) Chrome/55.0.2883.87 UBrowser/7.0.185.1002 Safari/537.36"
::1 - - [14/Nov/2019:08:27:52 +0000] "GET /css/product.css HTTP/1.1" 200 379 "https://localhost:3000/" "Mozilla/5.0 (Windows NT 10.0; WOW64) AppleWebKit/537.36 (KHTML, like Gecko) Chrome/55.0.2883.87 UBrowser/7.0.185.1002 Safari/537.36"
::1 - - [14/Nov/2019:08:27:53 +0000] "GET /js/main.js HTTP/1.1" 200 519 "https://localhost:3000/" "Mozilla/5.0 (Windows NT 10.0; WOW64) AppleWebKit/537.36 (KHTML, like Gecko) Chrome/55.0.2883.87 UBrowser/7.0.185.1002 Safari/537.36"
::1 - - [14/Nov/2019:08:27:53 +0000] "GET /images/image-1570173121056 HTTP/1.1" 200 92388 "https://localhost:3000/" "Mozilla/5.0 (Windows NT 10.0; WOW64) AppleWebKit/537.36 (KHTML, like Gecko) Chrome/55.0.2883.87 UBrowser/7.0.185.1002 Safari/537.36"
::1 - - [14/Nov/2019:08:27:53 +0000] "GET /images/image-1570395496426 HTTP/1.1" 404 - "https://localhost:3000/" "Mozilla/5.0 (Windows NT 10.0; WOW64) AppleWebKit/537.36 (KHTML, like Gecko) Chrome/55.0.2883.87 UBrowser/7.0.185.1002 Safari/537.36"
::1 - - [14/Nov/2019:08:27:54 +0000] "GET /favicon.ico HTTP/1.1" 404 - "https://localhost:3000/" "Mozilla/5.0 (Windows NT 10.0; WOW64) AppleWebKit/537.36 (KHTML, like Gecko) Chrome/55.0.2883.87 UBrowser/7.0.185.1002 Safari/537.36"
::1 - - [14/Nov/2019:08:28:23 +0000] "GET / HTTP/1.1" 304 - "-" "Mozilla/5.0 (Windows NT 10.0; WOW64) AppleWebKit/537.36 (KHTML, like Gecko) Chrome/55.0.2883.87 UBrowser/7.0.185.1002 Safari/537.36"
::1 - - [14/Nov/2019:08:28:23 +0000] "GET /css/main.css HTTP/1.1" 304 - "http://localhost:3000/" "Mozilla/5.0 (Windows NT 10.0; WOW64) AppleWebKit/537.36 (KHTML, like Gecko) Chrome/55.0.2883.87 UBrowser/7.0.185.1002 Safari/537.36"
::1 - - [14/Nov/2019:08:28:23 +0000] "GET /css/product.css HTTP/1.1" 304 - "http://localhost:3000/" "Mozilla/5.0 (Windows NT 10.0; WOW64) AppleWebKit/537.36 (KHTML, like Gecko) Chrome/55.0.2883.87 UBrowser/7.0.185.1002 Safari/537.36"
::1 - - [14/Nov/2019:08:28:23 +0000] "GET /js/main.js HTTP/1.1" 304 - "http://localhost:3000/" "Mozilla/5.0 (Windows NT 10.0; WOW64) AppleWebKit/537.36 (KHTML, like Gecko) Chrome/55.0.2883.87 UBrowser/7.0.185.1002 Safari/537.36"
::1 - - [14/Nov/2019:08:28:23 +0000] "GET /images/image-1570173121056 HTTP/1.1" 304 - "http://localhost:3000/" "Mozilla/5.0 (Windows NT 10.0; WOW64) AppleWebKit/537.36 (KHTML, like Gecko) Chrome/55.0.2883.87 UBrowser/7.0.185.1002 Safari/537.36"
::1 - - [14/Nov/2019:08:28:23 +0000] "GET /images/image-1570395496426 HTTP/1.1" 404 - "http://localhost:3000/" "Mozilla/5.0 (Windows NT 10.0; WOW64) AppleWebKit/537.36 (KHTML, like Gecko) Chrome/55.0.2883.87 UBrowser/7.0.185.1002 Safari/537.36"
